<?xml version="1.0" encoding="UTF-8"?>
<robot generator="Robot 4.1.2 (Python 3.10.0 on win32)" generated="20211220 22:14:34.041" rpa="false" schemaversion="2">
<suite id="s1" name="TestLoginGSO" source="C:\Projetos\SuiteRobot\tests\TestLoginGSO.robot">
<test id="s1-t1" name="Caso de Teste 02: Logar como preposto">
<kw name="Abrir navegador" library="ResourceGSO">
<kw name="Open Browser" library="SeleniumLibrary">
<arg>${BROWSER}</arg>
<doc>Opens a new browser instance to the optional ``url``.</doc>
<msg timestamp="20211220 22:14:34.346" level="INFO">Opening browser 'firefox' to base url 'chrome'.</msg>
<msg timestamp="20211220 22:14:34.350" level="INFO">Firefox driver log is always forced to to: C:\Projetos\SuiteRobot\results\geckodriver-3.log</msg>
<kw name="Capture Page Screenshot" library="SeleniumLibrary">
<doc>Takes a screenshot of the current page and embeds it into a log file.</doc>
<msg timestamp="20211220 22:14:39.790" level="INFO">Cannot capture screenshot because no browser is open.</msg>
<status status="PASS" starttime="20211220 22:14:39.789" endtime="20211220 22:14:39.790"/>
</kw>
<msg timestamp="20211220 22:14:39.826" level="FAIL">WebDriverException: Message: Process unexpectedly closed with status 0
</msg>
<status status="FAIL" starttime="20211220 22:14:34.346" endtime="20211220 22:14:39.826"/>
</kw>
<status status="FAIL" starttime="20211220 22:14:34.345" endtime="20211220 22:14:39.827"/>
</kw>
<kw name="acessar a página login do sistema MGPT" library="ResourceGSO">
<status status="NOT RUN" starttime="20211220 22:14:39.828" endtime="20211220 22:14:39.829"/>
</kw>
<status status="FAIL" starttime="20211220 22:14:34.344" endtime="20211220 22:14:39.829">WebDriverException: Message: Process unexpectedly closed with status 0
</status>
</test>
<status status="FAIL" starttime="20211220 22:14:34.043" endtime="20211220 22:14:39.834"/>
</suite>
<statistics>
<total>
<stat pass="0" fail="1" skip="0">All Tests</stat>
</total>
<tag>
</tag>
<suite>
<stat pass="0" fail="1" skip="0" id="s1" name="TestLoginGSO">TestLoginGSO</stat>
</suite>
</statistics>
<errors>
</errors>
</robot>
